  bigint.cpp
  main.cpp
  Generating Code...
bigint.obj : error LNK2019: unresolved external symbol ___gmp_randinit_default referenced in function "public: __thiscall iamtcs::_RandState_::_RandState_(void)" (??0_RandState_@iamtcs@@QAE@XZ)
bigint.obj : error LNK2019: unresolved external symbol ___gmp_randseed_ui referenced in function "public: __thiscall iamtcs::_RandState_::_RandState_(void)" (??0_RandState_@iamtcs@@QAE@XZ)
bigint.obj : error LNK2019: unresolved external symbol ___gmp_randclear referenced in function "public: __thiscall iamtcs::_RandState_::~_RandState_(void)" (??1_RandState_@iamtcs@@QAE@XZ)
bigint.obj : error LNK2019: unresolved external symbol ___gmpz_add referenced in function "public: bool __thiscall iamtcs::BigInt::add(class iamtcs::BigInt const &,class iamtcs::BigInt *)" (?add@BigInt@iamtcs@@QAE_NABV12@PAV12@@Z)
bigint.obj : error LNK2019: unresolved external symbol ___gmpz_add_ui referenced in function "public: bool __thiscall iamtcs::BigInt::add(unsigned long,class iamtcs::BigInt *)" (?add@BigInt@iamtcs@@QAE_NKPAV12@@Z)
bigint.obj : error LNK2019: unresolved external symbol ___gmpz_and referenced in function "public: void __thiscall iamtcs::BigInt::AND(class iamtcs::BigInt const &,class iamtcs::BigInt *)" (?AND@BigInt@iamtcs@@QAEXABV12@PAV12@@Z)
bigint.obj : error LNK2019: unresolved external symbol ___gmpz_cdiv_q_ui referenced in function "public: bool __thiscall iamtcs::BigInt::cdiv(unsigned long)" (?cdiv@BigInt@iamtcs@@QAE_NK@Z)
bigint.obj : error LNK2019: unresolved external symbol ___gmpz_clear referenced in function "public: virtual __thiscall iamtcs::BigInt::~BigInt(void)" (??1BigInt@iamtcs@@UAE@XZ)
bigint.obj : error LNK2019: unresolved external symbol ___gmpz_cmp referenced in function "public: int __thiscall iamtcs::BigInt::compare(class iamtcs::BigInt const &)const " (?compare@BigInt@iamtcs@@QBEHABV12@@Z)
bigint.obj : error LNK2019: unresolved external symbol ___gmpz_cmp_ui referenced in function "public: int __thiscall iamtcs::BigInt::compare(unsigned long)const " (?compare@BigInt@iamtcs@@QBEHK@Z)
bigint.obj : error LNK2019: unresolved external symbol ___gmpz_com referenced in function "public: void __thiscall iamtcs::BigInt::COM(class iamtcs::BigInt *)" (?COM@BigInt@iamtcs@@QAEXPAV12@@Z)
bigint.obj : error LNK2019: unresolved external symbol ___gmpz_divisible_p referenced in function "public: int __thiscall iamtcs::BigInt::divisible(class iamtcs::BigInt const &)const " (?divisible@BigInt@iamtcs@@QBEHABV12@@Z)
bigint.obj : error LNK2019: unresolved external symbol ___gmpz_fdiv_r_ui referenced in function "public: bool __thiscall iamtcs::BigInt::modulo(unsigned long,class iamtcs::BigInt *)" (?modulo@BigInt@iamtcs@@QAE_NKPAV12@@Z)
bigint.obj : error LNK2019: unresolved external symbol ___gmpz_get_str referenced in function "public: bool __thiscall iamtcs::BigInt::toStr(char * &,unsigned int &,unsigned char)const " (?toStr@BigInt@iamtcs@@QBE_NAAPADAAIE@Z)
bigint.obj : error LNK2019: unresolved external symbol ___gmpz_init referenced in function "public: __thiscall iamtcs::BigInt::BigInt(void)" (??0BigInt@iamtcs@@QAE@XZ)
bigint.obj : error LNK2019: unresolved external symbol ___gmpz_init_set referenced in function "public: __thiscall iamtcs::BigInt::BigInt(class iamtcs::BigInt const &)" (??0BigInt@iamtcs@@QAE@ABV01@@Z)
bigint.obj : error LNK2019: unresolved external symbol ___gmpz_init_set_str referenced in function "public: bool __thiscall iamtcs::BigInt::set_str(char * const,int)" (?set_str@BigInt@iamtcs@@QAE_NQADH@Z)
bigint.obj : error LNK2019: unresolved external symbol ___gmpz_init_set_ui referenced in function "public: __thiscall iamtcs::BigInt::BigInt(unsigned long)" (??0BigInt@iamtcs@@QAE@K@Z)
bigint.obj : error LNK2019: unresolved external symbol ___gmpz_invert referenced in function "public: bool __thiscall iamtcs::BigInt::inverse_mod(class iamtcs::BigInt const &,class iamtcs::BigInt *)" (?inverse_mod@BigInt@iamtcs@@QAE_NABV12@PAV12@@Z)
bigint.obj : error LNK2019: unresolved external symbol ___gmpz_ior referenced in function "public: void __thiscall iamtcs::BigInt::IOR(class iamtcs::BigInt const &,class iamtcs::BigInt *)" (?IOR@BigInt@iamtcs@@QAEXABV12@PAV12@@Z)
bigint.obj : error LNK2019: unresolved external symbol ___gmpz_mod referenced in function "public: bool __thiscall iamtcs::BigInt::modulo(class iamtcs::BigInt const &,class iamtcs::BigInt *)" (?modulo@BigInt@iamtcs@@QAE_NABV12@PAV12@@Z)
bigint.obj : error LNK2019: unresolved external symbol ___gmpz_mul referenced in function "public: bool __thiscall iamtcs::BigInt::multiply(class iamtcs::BigInt const &,class iamtcs::BigInt *)" (?multiply@BigInt@iamtcs@@QAE_NABV12@PAV12@@Z)
bigint.obj : error LNK2019: unresolved external symbol ___gmpz_mul_2exp referenced in function "public: void __thiscall iamtcs::BigInt::LSH(unsigned long,class iamtcs::BigInt *)" (?LSH@BigInt@iamtcs@@QAEXKPAV12@@Z)
bigint.obj : error LNK2019: unresolved external symbol ___gmpz_mul_ui referenced in function "public: bool __thiscall iamtcs::BigInt::multiply(unsigned long,class iamtcs::BigInt *)" (?multiply@BigInt@iamtcs@@QAE_NKPAV12@@Z)
bigint.obj : error LNK2019: unresolved external symbol ___gmpz_pow_ui referenced in function "public: bool __thiscall iamtcs::BigInt::raisedTo(unsigned long,class iamtcs::BigInt *)" (?raisedTo@BigInt@iamtcs@@QAE_NKPAV12@@Z)
bigint.obj : error LNK2019: unresolved external symbol ___gmpz_powm referenced in function "public: bool __thiscall iamtcs::BigInt::powm(class iamtcs::BigInt,class iamtcs::BigInt,class iamtcs::BigInt *)" (?powm@BigInt@iamtcs@@QAE_NV12@0PAV12@@Z)
bigint.obj : error LNK2019: unresolved external symbol ___gmpz_powm_ui referenced in function "public: bool __thiscall iamtcs::BigInt::powmod(unsigned long,class iamtcs::BigInt const &,class iamtcs::BigInt *)" (?powmod@BigInt@iamtcs@@QAE_NKABV12@PAV12@@Z)
bigint.obj : error LNK2019: unresolved external symbol ___gmpz_probab_prime_p referenced in function "public: int __thiscall iamtcs::BigInt::isPrime(unsigned int)const " (?isPrime@BigInt@iamtcs@@QBEHI@Z)
bigint.obj : error LNK2019: unresolved external symbol ___gmpz_root referenced in function "public: bool __thiscall iamtcs::BigInt::root(unsigned long,class iamtcs::BigInt *,class iamtcs::BigInt *)" (?root@BigInt@iamtcs@@QAE_NKPAV12@0@Z)
bigint.obj : error LNK2019: unresolved external symbol ___gmpz_set referenced in function "public: void __thiscall iamtcs::BigInt::assign(class iamtcs::BigInt const &)" (?assign@BigInt@iamtcs@@QAEXABV12@@Z)
bigint.obj : error LNK2019: unresolved external symbol ___gmpz_set_str referenced in function "public: bool __thiscall iamtcs::BigInt::fmStr(char const *,unsigned int,unsigned char)" (?fmStr@BigInt@iamtcs@@QAE_NPBDIE@Z)
bigint.obj : error LNK2019: unresolved external symbol ___gmpz_set_ui referenced in function "public: void __thiscall iamtcs::BigInt::assign(unsigned long)" (?assign@BigInt@iamtcs@@QAEXK@Z)
bigint.obj : error LNK2019: unresolved external symbol ___gmpz_sizeinbase referenced in function "public: unsigned int __thiscall iamtcs::BigInt::MSB(void)const " (?MSB@BigInt@iamtcs@@QBEIXZ)
bigint.obj : error LNK2019: unresolved external symbol ___gmpz_sqrt referenced in function "public: bool __thiscall iamtcs::BigInt::square_Root(class iamtcs::BigInt const &,class iamtcs::BigInt *)" (?square_Root@BigInt@iamtcs@@QAE_NABV12@PAV12@@Z)
bigint.obj : error LNK2019: unresolved external symbol ___gmpz_sub referenced in function "public: bool __thiscall iamtcs::BigInt::subtract(class iamtcs::BigInt const &,class iamtcs::BigInt *)" (?subtract@BigInt@iamtcs@@QAE_NABV12@PAV12@@Z)
bigint.obj : error LNK2019: unresolved external symbol ___gmpz_sub_ui referenced in function "public: bool __thiscall iamtcs::BigInt::subtract(unsigned long,class iamtcs::BigInt *)" (?subtract@BigInt@iamtcs@@QAE_NKPAV12@@Z)
bigint.obj : error LNK2019: unresolved external symbol ___gmpz_tdiv_q referenced in function "public: bool __thiscall iamtcs::BigInt::divideBy(class iamtcs::BigInt const &,class iamtcs::BigInt *,class iamtcs::BigInt *)" (?divideBy@BigInt@iamtcs@@QAE_NABV12@PAV12@1@Z)
bigint.obj : error LNK2019: unresolved external symbol ___gmpz_tdiv_q_2exp referenced in function "public: void __thiscall iamtcs::BigInt::RSH(unsigned long,class iamtcs::BigInt *)" (?RSH@BigInt@iamtcs@@QAEXKPAV12@@Z)
bigint.obj : error LNK2019: unresolved external symbol ___gmpz_tdiv_q_ui referenced in function "public: bool __thiscall iamtcs::BigInt::divideBy(unsigned long,class iamtcs::BigInt *,class iamtcs::BigInt *)" (?divideBy@BigInt@iamtcs@@QAE_NKPAV12@0@Z)
bigint.obj : error LNK2019: unresolved external symbol ___gmpz_tdiv_qr referenced in function "public: bool __thiscall iamtcs::BigInt::divideBy(class iamtcs::BigInt const &,class iamtcs::BigInt *,class iamtcs::BigInt *)" (?divideBy@BigInt@iamtcs@@QAE_NABV12@PAV12@1@Z)
bigint.obj : error LNK2019: unresolved external symbol ___gmpz_tdiv_qr_ui referenced in function "public: bool __thiscall iamtcs::BigInt::divideBy(unsigned long,class iamtcs::BigInt *,class iamtcs::BigInt *)" (?divideBy@BigInt@iamtcs@@QAE_NKPAV12@0@Z)
bigint.obj : error LNK2019: unresolved external symbol ___gmpz_tstbit referenced in function "public: int __thiscall iamtcs::BigInt::tstbit(unsigned long)const " (?tstbit@BigInt@iamtcs@@QBEHK@Z)
bigint.obj : error LNK2019: unresolved external symbol ___gmpz_urandomb referenced in function "public: void __thiscall iamtcs::_RandState_::random(struct __mpz_struct (&)[1],unsigned long const &)" (?random@_RandState_@iamtcs@@QAEXAAY00U__mpz_struct@@ABK@Z)
bigint.obj : error LNK2019: unresolved external symbol ___gmpz_xor referenced in function "public: void __thiscall iamtcs::BigInt::XOR(class iamtcs::BigInt const &,class iamtcs::BigInt *)" (?XOR@BigInt@iamtcs@@QAEXABV12@PAV12@@Z)
E:\practice\bigint_demo\bigint_demo\build\win32\bigint_demo\Debug\bigint_demo.exe : fatal error LNK1120: 44 unresolved externals
